23:14:04 INFO  : Processing command line option -hwspec C:/Users/zhang/lab/final_lab/final_lab.sdk/system_wrapper.hdf.
23:33:30 INFO  : Processing command line option -hwspec C:/Users/zhang/lab/final_lab/final_lab.sdk/system_wrapper.hdf.
23:33:31 INFO  : Checking for hwspec changes in the project system_wrapper_hw_platform_0.
23:33:31 INFO  : SDK has detected change in the last modified timestamps for source hardware specification file Source:1435246330642,  Project:1435244853741
23:33:31 INFO  : The hardware specification for project 'system_wrapper_hw_platform_0' is different from C:/Users/zhang/lab/final_lab/final_lab.sdk/system_wrapper.hdf.
23:33:31 INFO  : Copied contents of C:/Users/zhang/lab/final_lab/final_lab.sdk/system_wrapper.hdf into \system_wrapper_hw_platform_0\system.hdf.
23:33:32 INFO  : Synchronizing projects in the workspace with the hardware platform specification changes.
23:33:32 INFO  : Clearing existing target manager status.
23:33:34 INFO  : Workspace synchronized with the new hardware specification file. Cleaning dependent projects...
23:37:25 INFO  : FPGA configured successfully with bitstream "C:/Users/zhang/lab/final_lab/final_lab.sdk/system_wrapper_hw_platform_0/system_wrapper.bit"
23:37:36 INFO  : ps7_init is completed.
23:37:36 INFO  : ps7_post_config is completed.
23:37:36 INFO  : Processor reset is completed for ps7_cortexa9_0
23:37:46 INFO  : ps7_cortexa9_0 Processor is in use. Please stop existing Run or Debug sessions before launching.
23:37:49 INFO  : Processor reset is completed for ps7_cortexa9_0
23:41:26 INFO  : FPGA configured successfully with bitstream "C:/Users/zhang/lab/final_lab/final_lab.sdk/system_wrapper_hw_platform_0/system_wrapper.bit"
23:41:50 INFO  : Processor reset is completed for ps7_cortexa9_0
23:47:56 INFO  : Processor reset is completed for ps7_cortexa9_0
23:59:13 INFO  : Processor reset is completed for ps7_cortexa9_0
00:08:39 INFO  : Processor reset is completed for ps7_cortexa9_0
00:09:37 INFO  : Processor reset is completed for ps7_cortexa9_0
00:11:41 INFO  : Processor reset is completed for ps7_cortexa9_0
00:14:10 INFO  : Processor reset is completed for ps7_cortexa9_0
00:15:50 INFO  : FPGA configured successfully with bitstream "C:/Users/zhang/lab/final_lab/final_lab.sdk/system_wrapper_hw_platform_0/system_wrapper.bit"
00:16:01 INFO  : ps7_init is completed.
00:16:01 INFO  : ps7_post_config is completed.
00:16:02 INFO  : Processor reset is completed for ps7_cortexa9_0
00:19:47 ERROR : Unexpected error while parsing XMD response ?: com.google.gson.JsonSyntaxException: com.google.gson.stream.MalformedJsonException: invalid number or unquoted string near 
