13:16:37.440 INFO  - Processing command line option -hwspec C:/xup/embedded/labs/lab1/lab1.sdk/SDK/SDK_Export/hw/system.xml. 
13:23:13.086 INFO  - Processor reset is completed for ps7_cortexa9_0 
13:23:13.195 INFO  - PS initialization will be done as it is not done before. 
13:23:13.195 INFO  - Running PS initialization.... 
13:23:13.507 INFO  - ps7_init is completed. 
13:23:13.617 INFO  - PS Initialization is complete. 
13:25:51.725 ERROR - Unexpected error while parsing XMD response ?: com.google.gson.JsonSyntaxException: com.google.gson.stream.MalformedJsonException: invalid number or unquoted string near  
07:35:54.492 INFO  - Processing command line option -hwspec C:/xup/embedded/labs/lab2/lab2.sdk/SDK/SDK_Export/hw/system.xml. 
07:35:54.738 INFO  - The hardware specification for project 'hw_platform_0' is different from C:/xup/embedded/labs/lab2/lab2.sdk/SDK/SDK_Export/hw/system.xml. 
07:35:54.776 INFO  - Copied contents of C:/xup/embedded/labs/lab2/lab2.sdk/SDK/SDK_Export/hw/system.xml into \hw_platform_0\system.xml. 
07:35:54.792 INFO  - Copied contents of C:\xup\embedded\labs\lab2\lab2.sdk\SDK\SDK_Export\hw\system_wrapper.bit into \hw_platform_0\system.bit. 
07:35:54.990 INFO  - Copied contents of C:\xup\embedded\labs\lab2\lab2.sdk\SDK\SDK_Export\hw\ps7_init.c into \hw_platform_0\ps7_init.c. 
07:35:55.004 INFO  - Copied contents of C:\xup\embedded\labs\lab2\lab2.sdk\SDK\SDK_Export\hw\ps7_init.h into \hw_platform_0\ps7_init.h. 
07:35:55.053 INFO  - Copied contents of C:\xup\embedded\labs\lab2\lab2.sdk\SDK\SDK_Export\hw\ps7_init.html into \hw_platform_0\ps7_init.html. 
07:35:55.055 INFO  - Copied contents of C:\xup\embedded\labs\lab2\lab2.sdk\SDK\SDK_Export\hw\ps7_summary.html into \hw_platform_0\ps7_summary.html. 
07:35:55.068 INFO  - Copied contents of C:\xup\embedded\labs\lab2\lab2.sdk\SDK\SDK_Export\hw\ps7_init.tcl into \hw_platform_0\ps7_init.tcl. 
07:35:55.262 INFO  - Synchronizing projects in the workspace with the hardware platform specification changes. 
07:35:56.677 INFO  - Updating MSS for Board Support Package Project: mem_test_bsp.
		 The following new driver assignments were made:
			Peripheral Instance: btns_4bit, driver: gpio_v3_01_a.
			Peripheral Instance: sw_4bit, driver: gpio_v3_01_a.
 
07:36:21.342 INFO  - Updating hardware inferred compiler options for mem_test. 
07:36:21.347 INFO  - Clearing existing target manager status. 
07:36:23.720 INFO  - Closing and re-opening the MSS file of ther project mem_test_bsp 
07:36:25.491 INFO  - Workspace synchronized with the new hardware specification file. Cleaning dependent projects... 
07:54:26.039 INFO  - FPGA configured successfully with bitstream "C:/xup/embedded/labs/lab2/lab2.sdk/SDK/SDK_Export/hw_platform_0/system.bit" 
07:54:55.017 INFO  - Processor reset is completed for ps7_cortexa9_0 
07:54:55.117 INFO  - PS initialization will be done as it is not done before. 
07:54:55.117 INFO  - Running PS initialization.... 
07:54:55.275 INFO  - ps7_init is completed. 
07:54:55.375 INFO  - ps7_post_config is completed. 
07:54:55.475 INFO  - PS Initialization is complete. 
08:04:35.543 ERROR - Unexpected error while parsing XMD response ?: com.google.gson.JsonSyntaxException: com.google.gson.stream.MalformedJsonException: invalid number or unquoted string near  
20:31:32.829 INFO  - Processing command line option -hwspec E:/lab/embedded/new/lab4/lab4.sdk/SDK/SDK_Export/hw/system.xml. 
20:31:37.246 INFO  - The hardware specification for project 'hw_platform_0' is different from E:/lab/embedded/new/lab4/lab4.sdk/SDK/SDK_Export/hw/system.xml. 
20:31:37.350 INFO  - Copied contents of E:/lab/embedded/new/lab4/lab4.sdk/SDK/SDK_Export/hw/system.xml into \hw_platform_0\system.xml. 
20:31:37.372 INFO  - Copied contents of E:\lab\embedded\new\lab4\lab4.sdk\SDK\SDK_Export\hw\system_wrapper.bit into \hw_platform_0\system_wrapper.bit. 
20:31:37.376 INFO  - Copied contents of E:\lab\embedded\new\lab4\lab4.sdk\SDK\SDK_Export\hw\system_wrapper_bd.bmm into \hw_platform_0\system_bd.bmm. 
20:31:43.194 INFO  - Copied contents of E:\lab\embedded\new\lab4\lab4.sdk\SDK\SDK_Export\hw\ps7_init.c into \hw_platform_0\ps7_init.c. 
20:31:46.675 INFO  - Copied contents of E:\lab\embedded\new\lab4\lab4.sdk\SDK\SDK_Export\hw\ps7_init.h into \hw_platform_0\ps7_init.h. 
20:31:46.691 INFO  - Copied contents of E:\lab\embedded\new\lab4\lab4.sdk\SDK\SDK_Export\hw\ps7_init.html into \hw_platform_0\ps7_init.html. 
20:31:46.707 INFO  - Copied contents of E:\lab\embedded\new\lab4\lab4.sdk\SDK\SDK_Export\hw\ps7_summary.html into \hw_platform_0\ps7_summary.html. 
20:31:46.710 INFO  - Copied contents of E:\lab\embedded\new\lab4\lab4.sdk\SDK\SDK_Export\hw\ps7_init.tcl into \hw_platform_0\ps7_init.tcl. 
20:31:47.500 INFO  - Synchronizing projects in the workspace with the hardware platform specification changes. 
20:31:48.036 ERROR - Exception while attemping to 'diff' files E:\lab\embedded\new\lab4\lab4.sdk\SDK\SDK_Export\hw_platform_0\system_wrapper_bd.bmm and E:\lab\embedded\new\lab4\lab4.sdk\SDK\SDK_Export\hw\system_wrapper_bd.bmm. 
20:31:48.036 INFO  - Updating .bit and .bmm files from XPS's export folder. 
20:31:55.386 INFO  - Updating MSS for Board Support Package Project: standalone_bsp_0.
		 The following new driver assignments were made:
			Peripheral Instance: axi_bram_ctrl_0, driver: bram_v3_03_a.
			Peripheral Instance: led_ip, driver: generic_v1_00_a.
 
20:32:23.068 INFO  - Copied contents of E:\lab\embedded\new\lab4\lab4.sdk\SDK\SDK_Export\hw\system_wrapper.bit into \hw_platform_0\system_wrapper.bit. 
20:32:23.086 INFO  - Copied contents of E:\lab\embedded\new\lab4\lab4.sdk\SDK\SDK_Export\hw\system_wrapper_bd.bmm into \hw_platform_0\system_wrapper_bd.bmm. 
20:32:23.959 INFO  - Updating hardware inferred compiler options for TestApp. 
20:32:24.110 INFO  - Clearing existing target manager status. 
20:32:35.837 ERROR - Unexpected error while obtaining referenced S/W project {} org.eclipse.core.internal.resources.ResourceException: Resource '/mem_test' is not open.
	at org.eclipse.core.internal.resources.Project.checkAccessible(Project.java:150)
	at org.eclipse.core.internal.resources.Project.getReferencedProjects(Project.java:521)

20:32:35.839 ERROR - Unexpected error while obtaining referenced S/W project {} org.eclipse.core.internal.resources.ResourceException: Resource '/mem_test_bsp' is not open.
	at org.eclipse.core.internal.resources.Project.checkAccessible(Project.java:150)
	at org.eclipse.core.internal.resources.Project.getReferencedProjects(Project.java:521)

20:42:46.083 INFO  - Saving repository preferences. 
20:42:46.083 INFO  - Reading in cores from local repositories: 
		 E:\lab\embedded\new\led_ip\led_ip_1.0 
20:42:46.112 INFO  - Updating libgen.options on all BSP projects. 
20:42:46.112 INFO  - Cleaning BSP projects in the workspace. 
20:43:55.385 INFO  - Settings changed on project standalone_bsp_0. Triggering a rebuild... 
20:43:56.042 INFO  - Refreshed build settings on project lab4 
21:01:20.894 INFO  - FPGA configured successfully with bitstream "E:/lab/embedded/new/lab4/lab4.sdk/SDK/SDK_Export/hw_platform_0/system_wrapper.bit" 
21:02:03.092 INFO  - Processor reset is completed for ps7_cortexa9_0 
21:02:03.192 INFO  - PS initialization will be done as it is not done before. 
21:02:03.192 INFO  - Running PS initialization.... 
21:02:03.574 INFO  - ps7_init is completed. 
21:02:03.580 INFO  - ps7_post_config is completed. 
21:02:03.680 INFO  - PS Initialization is complete. 
21:04:59.208 INFO  - Processor reset is completed for ps7_cortexa9_0 
21:09:51.474 INFO  - Processor reset is completed for ps7_cortexa9_0 
21:10:16.106 INFO  - Successfully generated E:\lab\embedded\new\lab4\lab4.sdk\SDK\SDK_Export\lab4\src\lscript.ld. 
21:10:16.106 INFO  - Applying linker script to all configurations of project lab4. 
21:10:16.106 INFO  - Setting rebuild state to true for all configurations of project lab4. 
21:15:07.773 INFO  - Successfully generated E:\lab\embedded\new\lab4\lab4.sdk\SDK\SDK_Export\lab4\src\lscript.ld. 
21:15:07.773 INFO  - Applying linker script to all configurations of project lab4. 
21:15:07.773 INFO  - Setting rebuild state to true for all configurations of project lab4. 
21:15:31.788 INFO  - ps7_cortexa9_0 Processor is in use. Please stop existing Run or Debug sessions before launching. 
21:15:33.682 INFO  - Processor reset is completed for ps7_cortexa9_0 
21:17:16.021 ERROR - Unexpected error while parsing XMD response ?: com.google.gson.JsonSyntaxException: com.google.gson.stream.MalformedJsonException: invalid number or unquoted string near  
21:28:59.041 INFO  - Processing command line option -hwspec E:/lab/embedded/new/lab5/lab5.sdk/SDK/SDK_Export/hw/system.xml. 
21:29:30.667 INFO  - Restoring local repository preferences: 
		 E:\lab\embedded\new\led_ip\led_ip_1.0 
21:48:18.172 INFO  - FPGA configured successfully with bitstream "E:/lab/embedded/new/lab5/lab5.sdk/SDK/SDK_Export/hw_platform_0/system_wrapper.bit" 
21:49:32.518 INFO  - Processor reset is completed for ps7_cortexa9_0 
21:49:32.618 INFO  - PS initialization will be done as it is not done before. 
21:49:32.618 INFO  - Running PS initialization.... 
21:49:32.841 INFO  - ps7_init is completed. 
21:49:32.941 INFO  - ps7_post_config is completed. 
21:49:33.041 INFO  - PS Initialization is complete. 
21:52:17.556 INFO  - Processor reset is completed for ps7_cortexa9_0 
22:01:09.622 ERROR - Unexpected error while parsing XMD response ?: com.google.gson.JsonSyntaxException: com.google.gson.stream.MalformedJsonException: invalid number or unquoted string near  
