#-----------------------------------------------------------
# Vivado v2014.2 (64-bit)
# SW Build 932637 on Wed Jun 11 13:33:10 MDT 2014
# IP Build 924643 on Fri May 30 09:20:16 MDT 2014
# Start of session at: Thu Jun 25 23:17:32 2015
# Process ID: 6628
# Log file: C:/Users/zhang/lab/final_lab/final_lab.sdk/webtalk/vivado.log
# Journal file: C:/Users/zhang/lab/final_lab/final_lab.sdk/webtalk\vivado.jou
#-----------------------------------------------------------
source sdk.tcl
# webtalk_init -webtalk_dir C:\\Users\\zhang\\lab\\final_lab\\final_lab.sdk\\webtalk
# webtalk_register_client -client project
# webtalk_add_data -client project -key date_generated -value "ÐÇÆÚËÄ ÁùÔÂ 25 23:17:30 2015" -context "software_version_and_target_device"
# webtalk_add_data -client project -key product_version -value "SDK v2014.2" -context "software_version_and_target_device"
# webtalk_add_data -client project -key build_version -value "2014.2" -context "software_version_and_target_device"
# webtalk_add_data -client project -key os_platform -value "amd64" -context "software_version_and_target_device"
# webtalk_add_data -client project -key registration_id -value "207600880_1777491182_0_870" -context "software_version_and_target_device"
# webtalk_add_data -client project -key tool_flow -value "SDK" -context "software_version_and_target_device"
# webtalk_add_data -client project -key beta -value "false" -context "software_version_and_target_device"
# webtalk_add_data -client project -key route_design -value "NA" -context "software_version_and_target_device"
# webtalk_add_data -client project -key target_family -value "NA" -context "software_version_and_target_device"
# webtalk_add_data -client project -key target_device -value "NA" -context "software_version_and_target_device"
# webtalk_add_data -client project -key target_package -value "NA" -context "software_version_and_target_device"
# webtalk_add_data -client project -key target_speed -value "NA" -context "software_version_and_target_device"
# webtalk_add_data -client project -key random_id -value "sl2pgho4ild6m69qsu83hec15n" -context "software_version_and_target_device"
# webtalk_add_data -client project -key project_id -value "2014.2_5" -context "software_version_and_target_device"
# webtalk_add_data -client project -key project_iteration -value "5" -context "software_version_and_target_device"
# webtalk_add_data -client project -key os_name -value "Microsoft Windows 7 , 64-bit" -context "user_environment"
# webtalk_add_data -client project -key os_release -value "Service Pack 1  (build 7601)" -context "user_environment"
# webtalk_add_data -client project -key cpu_name -value "Intel(R) Core(TM) i5-2450M CPU @ 2.50GHz" -context "user_environment"
# webtalk_add_data -client project -key cpu_speed -value "2494 MHz" -context "user_environment"
# webtalk_add_data -client project -key total_processors -value "1" -context "user_environment"
# webtalk_add_data -client project -key system_ram -value "6.000 GB" -context "user_environment"
# webtalk_register_client -client sdk
# webtalk_add_data -client sdk -key uid -value "1435245246285" -context "sdk\\\\hardware/1435245246285"
# webtalk_add_data -client sdk -key isZynq -value "true" -context "sdk\\\\hardware/1435245246285"
# webtalk_add_data -client sdk -key Processors -value "2" -context "sdk\\\\hardware/1435245246285"
# webtalk_add_data -client sdk -key VivadoVersion -value "2014.2" -context "sdk\\\\hardware/1435245246285"
# webtalk_add_data -client sdk -key Arch -value "zynq" -context "sdk\\\\hardware/1435245246285"
# webtalk_add_data -client sdk -key Device -value "7z010" -context "sdk\\\\hardware/1435245246285"
# webtalk_add_data -client sdk -key IsHandoff -value "true" -context "sdk\\\\hardware/1435245246285"
# webtalk_transmit -clientid 3695143156 -regid "207600880_1777491182_0_870" -xml C:\\Users\\zhang\\lab\\final_lab\\final_lab.sdk\\webtalk\\usage_statistics_ext_sdk.xml -html C:\\Users\\zhang\\lab\\final_lab\\final_lab.sdk\\webtalk\\usage_statistics_ext_sdk.html -wdm C:\\Users\\zhang\\lab\\final_lab\\final_lab.sdk\\webtalk\\sdk.wdm -intro "<H3>SDK Usage Report</H3><BR>"
INFO: [Common 17-185] WebTalk report has not been sent to Xilinx. Please check your network and proxy settings.
webtalk_transmit: Time (s): cpu = 00:00:00 ; elapsed = 00:00:06 . Memory (MB): peak = 173.871 ; gain = 0.000

    while executing
"webtalk_transmit -clientid 3695143156 -regid "207600880_1777491182_0_870" -xml C:\\Users\\zhang\\lab\\final_lab\\final_lab.sdk\\webtalk\\usage_statist..."
    (file "sdk.tcl" line 32)
INFO: [Common 17-206] Exiting Vivado at Thu Jun 25 23:17:41 2015...
